This file contains any messages produced by compilers while
running configure, to aid debugging if configure makes a mistake.

It was created by libsgnodemapper configure 0.1, which was
generated by GNU Autoconf 2.59.  Invocation command line was

  $ ./configure --with-sm-src=/home/vagrant/js/src --with-sm-obj=/home/vagrant/js/src/Linux_All_DBG.OBJ

## --------- ##
## Platform. ##
## --------- ##

hostname = lucid64
uname -m = x86_64
uname -r = 2.6.32-33-server
uname -s = Linux
uname -v = #70-Ubuntu SMP Thu Jul 7 22:28:30 UTC 2011

/usr/bin/uname -p = unknown
/bin/uname -X     = unknown

/bin/arch              = unknown
/usr/bin/arch -k       = unknown
/usr/convex/getsysinfo = unknown
hostinfo               = unknown
/bin/machine           = unknown
/usr/bin/oslevel       = unknown
/bin/universe          = unknown

PATH: /usr/local/sbin
PATH: /usr/local/bin
PATH: /usr/sbin
PATH: /usr/bin
PATH: /sbin
PATH: /bin
PATH: /usr/games
PATH: /opt/ruby/bin/


## ----------- ##
## Core tests. ##
## ----------- ##

configure:1554: checking for a BSD-compatible install
configure:1609: result: /usr/bin/install -c
configure:1620: checking whether build environment is sane
configure:1663: result: yes
configure:1728: checking for gawk
configure:1757: result: no
configure:1728: checking for mawk
configure:1744: found /usr/bin/mawk
configure:1754: result: mawk
configure:1764: checking whether make sets $(MAKE)
configure:1784: result: yes
configure:2007: checking for g++
configure:2023: found /usr/bin/g++
configure:2033: result: g++
configure:2049: checking for C++ compiler version
configure:2052: g++ --version </dev/null >&5
g++ (Ubuntu 4.4.3-4ubuntu5.1) 4.4.3
Copyright (C) 2009 Free Software Foundation, Inc.
This is free software; see the source for copying conditions.  There is NO
warranty; not even for MERCHANTABILITY or FITNESS FOR A PARTICULAR PURPOSE.

configure:2055: $? = 0
configure:2057: g++ -v </dev/null >&5
Using built-in specs.
Target: x86_64-linux-gnu
Configured with: ../src/configure -v --with-pkgversion='Ubuntu 4.4.3-4ubuntu5.1' --with-bugurl=file:///usr/share/doc/gcc-4.4/README.Bugs --enable-languages=c,c++,fortran,objc,obj-c++ --prefix=/usr --enable-shared --enable-multiarch --enable-linker-build-id --with-system-zlib --libexecdir=/usr/lib --without-included-gettext --enable-threads=posix --with-gxx-include-dir=/usr/include/c++/4.4 --program-suffix=-4.4 --enable-nls --enable-clocale=gnu --enable-libstdcxx-debug --enable-plugin --enable-objc-gc --disable-werror --with-arch-32=i486 --with-tune=generic --enable-checking=release --build=x86_64-linux-gnu --host=x86_64-linux-gnu --target=x86_64-linux-gnu
Thread model: posix
gcc version 4.4.3 (Ubuntu 4.4.3-4ubuntu5.1) 
configure:2060: $? = 0
configure:2062: g++ -V </dev/null >&5
g++: '-V' option must have argument
configure:2065: $? = 1
configure:2088: checking for C++ compiler default output file name
configure:2091: g++    conftest.cc  >&5
configure:2094: $? = 0
configure:2140: result: a.out
configure:2145: checking whether the C++ compiler works
configure:2151: ./a.out
configure:2154: $? = 0
configure:2171: result: yes
configure:2178: checking whether we are cross compiling
configure:2180: result: no
configure:2183: checking for suffix of executables
configure:2185: g++ -o conftest    conftest.cc  >&5
configure:2188: $? = 0
configure:2213: result: 
configure:2219: checking for suffix of object files
configure:2240: g++ -c   conftest.cc >&5
configure:2243: $? = 0
configure:2265: result: o
configure:2269: checking whether we are using the GNU C++ compiler
configure:2293: g++ -c   conftest.cc >&5
configure:2299: $? = 0
configure:2303: test -z 
			 || test ! -s conftest.err
configure:2306: $? = 0
configure:2309: test -s conftest.o
configure:2312: $? = 0
configure:2325: result: yes
configure:2331: checking whether g++ accepts -g
configure:2352: g++ -c -g  conftest.cc >&5
configure:2358: $? = 0
configure:2362: test -z 
			 || test ! -s conftest.err
configure:2365: $? = 0
configure:2368: test -s conftest.o
configure:2371: $? = 0
configure:2382: result: yes
configure:2424: g++ -c -g -O2  conftest.cc >&5
configure:2430: $? = 0
configure:2434: test -z 
			 || test ! -s conftest.err
configure:2437: $? = 0
configure:2440: test -s conftest.o
configure:2443: $? = 0
configure:2469: g++ -c -g -O2  conftest.cc >&5
conftest.cc: In function 'int main()':
conftest.cc:15: error: 'exit' was not declared in this scope
configure:2475: $? = 1
configure: failed program was:
| /* confdefs.h.  */
| 
| #define PACKAGE_NAME "libsgnodemapper"
| #define PACKAGE_TARNAME "libsgnodemapper"
| #define PACKAGE_VERSION "0.1"
| #define PACKAGE_STRING "libsgnodemapper 0.1"
| #define PACKAGE_BUGREPORT "joseph@plaxo.com"
| #define PACKAGE "libsgnodemapper"
| #define VERSION "0.1"
| /* end confdefs.h.  */
| 
| int
| main ()
| {
| exit (42);
|   ;
|   return 0;
| }
configure:2424: g++ -c -g -O2  conftest.cc >&5
conftest.cc:11: error: 'void std::exit(int)' should have been declared inside 'std'
configure:2430: $? = 1
configure: failed program was:
| /* confdefs.h.  */
| 
| #define PACKAGE_NAME "libsgnodemapper"
| #define PACKAGE_TARNAME "libsgnodemapper"
| #define PACKAGE_VERSION "0.1"
| #define PACKAGE_STRING "libsgnodemapper 0.1"
| #define PACKAGE_BUGREPORT "joseph@plaxo.com"
| #define PACKAGE "libsgnodemapper"
| #define VERSION "0.1"
| /* end confdefs.h.  */
| extern "C" void std::exit (int) throw (); using std::exit;
| #include <stdlib.h>
| int
| main ()
| {
| exit (42);
|   ;
|   return 0;
| }
configure:2424: g++ -c -g -O2  conftest.cc >&5
conftest.cc:11: error: 'void std::exit(int)' should have been declared inside 'std'
In file included from conftest.cc:12:
/usr/include/stdlib.h:543: error: declaration of 'void std::exit(int) throw ()' throws different exceptions
conftest.cc:11: error: from previous declaration 'void std::exit(int)'
configure:2430: $? = 1
configure: failed program was:
| /* confdefs.h.  */
| 
| #define PACKAGE_NAME "libsgnodemapper"
| #define PACKAGE_TARNAME "libsgnodemapper"
| #define PACKAGE_VERSION "0.1"
| #define PACKAGE_STRING "libsgnodemapper 0.1"
| #define PACKAGE_BUGREPORT "joseph@plaxo.com"
| #define PACKAGE "libsgnodemapper"
| #define VERSION "0.1"
| /* end confdefs.h.  */
| extern "C" void std::exit (int); using std::exit;
| #include <stdlib.h>
| int
| main ()
| {
| exit (42);
|   ;
|   return 0;
| }
configure:2424: g++ -c -g -O2  conftest.cc >&5
configure:2430: $? = 0
configure:2434: test -z 
			 || test ! -s conftest.err
configure:2437: $? = 0
configure:2440: test -s conftest.o
configure:2443: $? = 0
configure:2469: g++ -c -g -O2  conftest.cc >&5
configure:2475: $? = 0
configure:2479: test -z 
			 || test ! -s conftest.err
configure:2482: $? = 0
configure:2485: test -s conftest.o
configure:2488: $? = 0
configure:2522: checking for style of include used by make
configure:2550: result: GNU
configure:2578: checking dependency style of g++
configure:2668: result: gcc3
configure:2763: checking build system type
configure:2781: result: x86_64-unknown-linux-gnu
configure:2789: checking host system type
configure:2803: result: x86_64-unknown-linux-gnu
configure:2857: checking for gcc
configure:2873: found /usr/bin/gcc
configure:2883: result: gcc
configure:3127: checking for C compiler version
configure:3130: gcc --version </dev/null >&5
gcc (Ubuntu 4.4.3-4ubuntu5.1) 4.4.3
Copyright (C) 2009 Free Software Foundation, Inc.
This is free software; see the source for copying conditions.  There is NO
warranty; not even for MERCHANTABILITY or FITNESS FOR A PARTICULAR PURPOSE.

configure:3133: $? = 0
configure:3135: gcc -v </dev/null >&5
Using built-in specs.
Target: x86_64-linux-gnu
Configured with: ../src/configure -v --with-pkgversion='Ubuntu 4.4.3-4ubuntu5.1' --with-bugurl=file:///usr/share/doc/gcc-4.4/README.Bugs --enable-languages=c,c++,fortran,objc,obj-c++ --prefix=/usr --enable-shared --enable-multiarch --enable-linker-build-id --with-system-zlib --libexecdir=/usr/lib --without-included-gettext --enable-threads=posix --with-gxx-include-dir=/usr/include/c++/4.4 --program-suffix=-4.4 --enable-nls --enable-clocale=gnu --enable-libstdcxx-debug --enable-plugin --enable-objc-gc --disable-werror --with-arch-32=i486 --with-tune=generic --enable-checking=release --build=x86_64-linux-gnu --host=x86_64-linux-gnu --target=x86_64-linux-gnu
Thread model: posix
gcc version 4.4.3 (Ubuntu 4.4.3-4ubuntu5.1) 
configure:3138: $? = 0
configure:3140: gcc -V </dev/null >&5
gcc: '-V' option must have argument
configure:3143: $? = 1
configure:3146: checking whether we are using the GNU C compiler
configure:3170: gcc -c   conftest.c >&5
configure:3176: $? = 0
configure:3180: test -z 
			 || test ! -s conftest.err
configure:3183: $? = 0
configure:3186: test -s conftest.o
configure:3189: $? = 0
configure:3202: result: yes
configure:3208: checking whether gcc accepts -g
configure:3229: gcc -c -g  conftest.c >&5
configure:3235: $? = 0
configure:3239: test -z 
			 || test ! -s conftest.err
configure:3242: $? = 0
configure:3245: test -s conftest.o
configure:3248: $? = 0
configure:3259: result: yes
configure:3276: checking for gcc option to accept ANSI C
configure:3346: gcc  -c -g -O2  conftest.c >&5
configure:3352: $? = 0
configure:3356: test -z 
			 || test ! -s conftest.err
configure:3359: $? = 0
configure:3362: test -s conftest.o
configure:3365: $? = 0
configure:3383: result: none needed
configure:3401: gcc -c -g -O2  conftest.c >&5
conftest.c:2: error: expected '=', ',', ';', 'asm' or '__attribute__' before 'me'
configure:3407: $? = 1
configure: failed program was:
| #ifndef __cplusplus
|   choke me
| #endif
configure:3542: checking dependency style of gcc
configure:3632: result: gcc3
configure:3649: checking for a sed that does not truncate output
configure:3703: result: /bin/sed
configure:3706: checking for egrep
configure:3716: result: grep -E
configure:3732: checking for ld used by gcc
configure:3799: result: /usr/bin/ld
configure:3808: checking if the linker (/usr/bin/ld) is GNU ld
configure:3823: result: yes
configure:3828: checking for /usr/bin/ld option to reload object files
configure:3835: result: -r
configure:3844: checking for BSD-compatible nm
configure:3886: result: /usr/bin/nm -B
configure:3890: checking whether ln -s works
configure:3894: result: yes
configure:3901: checking how to recognise dependent libraries
configure:4084: result: pass_all
configure:4169: gcc -c -g -O2  conftest.c >&5
configure:4172: $? = 0
configure:4298: checking how to run the C preprocessor
configure:4333: gcc -E  conftest.c
configure:4339: $? = 0
configure:4371: gcc -E  conftest.c
conftest.c:14:28: error: ac_nonexistent.h: No such file or directory
configure:4377: $? = 1
configure: failed program was:
| /* confdefs.h.  */
| 
| #define PACKAGE_NAME "libsgnodemapper"
| #define PACKAGE_TARNAME "libsgnodemapper"
| #define PACKAGE_VERSION "0.1"
| #define PACKAGE_STRING "libsgnodemapper 0.1"
| #define PACKAGE_BUGREPORT "joseph@plaxo.com"
| #define PACKAGE "libsgnodemapper"
| #define VERSION "0.1"
| #ifdef __cplusplus
| extern "C" void exit (int) throw ();
| #endif
| /* end confdefs.h.  */
| #include <ac_nonexistent.h>
configure:4416: result: gcc -E
configure:4440: gcc -E  conftest.c
configure:4446: $? = 0
configure:4478: gcc -E  conftest.c
conftest.c:14:28: error: ac_nonexistent.h: No such file or directory
configure:4484: $? = 1
configure: failed program was:
| /* confdefs.h.  */
| 
| #define PACKAGE_NAME "libsgnodemapper"
| #define PACKAGE_TARNAME "libsgnodemapper"
| #define PACKAGE_VERSION "0.1"
| #define PACKAGE_STRING "libsgnodemapper 0.1"
| #define PACKAGE_BUGREPORT "joseph@plaxo.com"
| #define PACKAGE "libsgnodemapper"
| #define VERSION "0.1"
| #ifdef __cplusplus
| extern "C" void exit (int) throw ();
| #endif
| /* end confdefs.h.  */
| #include <ac_nonexistent.h>
configure:4528: checking for ANSI C header files
configure:4553: gcc -c -g -O2  conftest.c >&5
configure:4559: $? = 0
configure:4563: test -z 
			 || test ! -s conftest.err
configure:4566: $? = 0
configure:4569: test -s conftest.o
configure:4572: $? = 0
configure:4661: gcc -o conftest -g -O2   conftest.c  >&5
conftest.c: In function 'main':
conftest.c:31: warning: incompatible implicit declaration of built-in function 'exit'
configure:4664: $? = 0
configure:4666: ./conftest
configure:4669: $? = 0
configure:4684: result: yes
configure:4708: checking for sys/types.h
configure:4724: gcc -c -g -O2  conftest.c >&5
configure:4730: $? = 0
configure:4734: test -z 
			 || test ! -s conftest.err
configure:4737: $? = 0
configure:4740: test -s conftest.o
configure:4743: $? = 0
configure:4754: result: yes
configure:4708: checking for sys/stat.h
configure:4724: gcc -c -g -O2  conftest.c >&5
configure:4730: $? = 0
configure:4734: test -z 
			 || test ! -s conftest.err
configure:4737: $? = 0
configure:4740: test -s conftest.o
configure:4743: $? = 0
configure:4754: result: yes
configure:4708: checking for stdlib.h
configure:4724: gcc -c -g -O2  conftest.c >&5
configure:4730: $? = 0
configure:4734: test -z 
			 || test ! -s conftest.err
configure:4737: $? = 0
configure:4740: test -s conftest.o
configure:4743: $? = 0
configure:4754: result: yes
configure:4708: checking for string.h
configure:4724: gcc -c -g -O2  conftest.c >&5
configure:4730: $? = 0
configure:4734: test -z 
			 || test ! -s conftest.err
configure:4737: $? = 0
configure:4740: test -s conftest.o
configure:4743: $? = 0
configure:4754: result: yes
configure:4708: checking for memory.h
configure:4724: gcc -c -g -O2  conftest.c >&5
configure:4730: $? = 0
configure:4734: test -z 
			 || test ! -s conftest.err
configure:4737: $? = 0
configure:4740: test -s conftest.o
configure:4743: $? = 0
configure:4754: result: yes
configure:4708: checking for strings.h
configure:4724: gcc -c -g -O2  conftest.c >&5
configure:4730: $? = 0
configure:4734: test -z 
			 || test ! -s conftest.err
configure:4737: $? = 0
configure:4740: test -s conftest.o
configure:4743: $? = 0
configure:4754: result: yes
configure:4708: checking for inttypes.h
configure:4724: gcc -c -g -O2  conftest.c >&5
configure:4730: $? = 0
configure:4734: test -z 
			 || test ! -s conftest.err
configure:4737: $? = 0
configure:4740: test -s conftest.o
configure:4743: $? = 0
configure:4754: result: yes
configure:4708: checking for stdint.h
configure:4724: gcc -c -g -O2  conftest.c >&5
configure:4730: $? = 0
configure:4734: test -z 
			 || test ! -s conftest.err
configure:4737: $? = 0
configure:4740: test -s conftest.o
configure:4743: $? = 0
configure:4754: result: yes
configure:4708: checking for unistd.h
configure:4724: gcc -c -g -O2  conftest.c >&5
configure:4730: $? = 0
configure:4734: test -z 
			 || test ! -s conftest.err
configure:4737: $? = 0
configure:4740: test -s conftest.o
configure:4743: $? = 0
configure:4754: result: yes
configure:4780: checking dlfcn.h usability
configure:4792: gcc -c -g -O2  conftest.c >&5
configure:4798: $? = 0
configure:4802: test -z 
			 || test ! -s conftest.err
configure:4805: $? = 0
configure:4808: test -s conftest.o
configure:4811: $? = 0
configure:4821: result: yes
configure:4825: checking dlfcn.h presence
configure:4835: gcc -E  conftest.c
configure:4841: $? = 0
configure:4861: result: yes
configure:4896: checking for dlfcn.h
configure:4903: result: yes
configure:4921: checking how to run the C++ preprocessor
configure:4952: g++ -E  conftest.cc
configure:4958: $? = 0
configure:4990: g++ -E  conftest.cc
conftest.cc:25:28: error: ac_nonexistent.h: No such file or directory
configure:4996: $? = 1
configure: failed program was:
| /* confdefs.h.  */
| 
| #define PACKAGE_NAME "libsgnodemapper"
| #define PACKAGE_TARNAME "libsgnodemapper"
| #define PACKAGE_VERSION "0.1"
| #define PACKAGE_STRING "libsgnodemapper 0.1"
| #define PACKAGE_BUGREPORT "joseph@plaxo.com"
| #define PACKAGE "libsgnodemapper"
| #define VERSION "0.1"
| #ifdef __cplusplus
| extern "C" void exit (int) throw ();
| #endif
| #define STDC_HEADERS 1
| #define HAVE_SYS_TYPES_H 1
| #define HAVE_SYS_STAT_H 1
| #define HAVE_STDLIB_H 1
| #define HAVE_STRING_H 1
| #define HAVE_MEMORY_H 1
| #define HAVE_STRINGS_H 1
| #define HAVE_INTTYPES_H 1
| #define HAVE_STDINT_H 1
| #define HAVE_UNISTD_H 1
| #define HAVE_DLFCN_H 1
| /* end confdefs.h.  */
| #include <ac_nonexistent.h>
configure:5035: result: g++ -E
configure:5059: g++ -E  conftest.cc
configure:5065: $? = 0
configure:5097: g++ -E  conftest.cc
conftest.cc:25:28: error: ac_nonexistent.h: No such file or directory
configure:5103: $? = 1
configure: failed program was:
| /* confdefs.h.  */
| 
| #define PACKAGE_NAME "libsgnodemapper"
| #define PACKAGE_TARNAME "libsgnodemapper"
| #define PACKAGE_VERSION "0.1"
| #define PACKAGE_STRING "libsgnodemapper 0.1"
| #define PACKAGE_BUGREPORT "joseph@plaxo.com"
| #define PACKAGE "libsgnodemapper"
| #define VERSION "0.1"
| #ifdef __cplusplus
| extern "C" void exit (int) throw ();
| #endif
| #define STDC_HEADERS 1
| #define HAVE_SYS_TYPES_H 1
| #define HAVE_SYS_STAT_H 1
| #define HAVE_STDLIB_H 1
| #define HAVE_STRING_H 1
| #define HAVE_MEMORY_H 1
| #define HAVE_STRINGS_H 1
| #define HAVE_INTTYPES_H 1
| #define HAVE_STDINT_H 1
| #define HAVE_UNISTD_H 1
| #define HAVE_DLFCN_H 1
| /* end confdefs.h.  */
| #include <ac_nonexistent.h>
configure:5198: checking for g77
configure:5227: result: no
configure:5198: checking for f77
configure:5227: result: no
configure:5198: checking for xlf
configure:5227: result: no
configure:5198: checking for frt
configure:5227: result: no
configure:5198: checking for pgf77
configure:5227: result: no
configure:5198: checking for fort77
configure:5227: result: no
configure:5198: checking for fl32
configure:5227: result: no
configure:5198: checking for af77
configure:5227: result: no
configure:5198: checking for f90
configure:5227: result: no
configure:5198: checking for xlf90
configure:5227: result: no
configure:5198: checking for pgf90
configure:5227: result: no
configure:5198: checking for epcf90
configure:5227: result: no
configure:5198: checking for f95
configure:5227: result: no
configure:5198: checking for fort
configure:5227: result: no
configure:5198: checking for xlf95
configure:5227: result: no
configure:5198: checking for ifc
configure:5227: result: no
configure:5198: checking for efc
configure:5227: result: no
configure:5198: checking for pgf95
configure:5227: result: no
configure:5198: checking for lf95
configure:5227: result: no
configure:5198: checking for gfortran
configure:5227: result: no
configure:5239: checking for Fortran 77 compiler version
configure:5242:  --version </dev/null >&5
./configure: line 5243: --version: command not found
configure:5245: $? = 127
configure:5247:  -v </dev/null >&5
./configure: line 5248: -v: command not found
configure:5250: $? = 127
configure:5252:  -V </dev/null >&5
./configure: line 5253: -V: command not found
configure:5255: $? = 127
configure:5263: checking whether we are using the GNU Fortran 77 compiler
configure:5277:  -c  conftest.F >&5
./configure: line 5278: -c: command not found
configure:5283: $? = 127
configure: failed program was:
|       program main
| #ifndef __GNUC__
|        choke me
| #endif
| 
|       end
configure:5309: result: no
configure:5315: checking whether  accepts -g
configure:5327:  -c -g conftest.f >&5
./configure: line 5328: -c: command not found
configure:5333: $? = 127
configure: failed program was:
|       program main
| 
|       end
configure:5358: result: no
configure:5388: checking the maximum length of command line arguments
configure:5453: result: 32768
configure:5464: checking command to parse /usr/bin/nm -B output from gcc object
configure:5553: gcc -c -g -O2  conftest.c >&5
configure:5556: $? = 0
configure:5560: /usr/bin/nm -B conftest.o \| sed -n -e 's/^.*[ 	]\([ABCDGIRSTW][ABCDGIRSTW]*\)[ 	][ 	]*\(\)\([_A-Za-z][_A-Za-z0-9]*\)$/\1 \2\3 \3/p' \> conftest.nm
configure:5563: $? = 0
configure:5615: gcc -o conftest -g -O2   conftest.c conftstm.o >&5
configure:5618: $? = 0
configure:5656: result: ok
configure:5660: checking for objdir
configure:5675: result: .libs
configure:5765: checking for ar
configure:5781: found /usr/bin/ar
configure:5792: result: ar
configure:5845: checking for ranlib
configure:5861: found /usr/bin/ranlib
configure:5872: result: ranlib
configure:5925: checking for strip
configure:5941: found /usr/bin/strip
configure:5952: result: strip
configure:6214: checking if gcc static flag  works
configure:6237: result: yes
configure:6255: checking if gcc supports -fno-rtti -fno-exceptions
configure:6273: gcc -c -g -O2  -fno-rtti -fno-exceptions conftest.c >&5
cc1: warning: command line option "-fno-rtti" is valid for C++/ObjC++ but not for C
configure:6277: $? = 0
configure:6288: result: no
configure:6303: checking for gcc option to produce PIC
configure:6480: result: -fPIC
configure:6488: checking if gcc PIC flag -fPIC works
configure:6506: gcc -c -g -O2  -fPIC -DPIC conftest.c >&5
configure:6510: $? = 0
configure:6521: result: yes
configure:6545: checking if gcc supports -c -o file.o
configure:6566: gcc -c -g -O2  -o out/conftest2.o conftest.c >&5
configure:6570: $? = 0
configure:6590: result: yes
configure:6616: checking whether the gcc linker (/usr/bin/ld -m elf_x86_64) supports shared libraries
configure:7464: result: yes
configure:7490: checking whether -lc should be explicitly linked in
configure:7495: gcc -c -g -O2  conftest.c >&5
configure:7498: $? = 0
configure:7512: gcc -shared conftest.o  -v -Wl,-soname -Wl,conftest -o conftest 2\>\&1 \| grep  -lc  \>/dev/null 2\>\&1
configure:7515: $? = 0
configure:7527: result: no
configure:7535: checking dynamic linker characteristics
configure:7901: gcc -c -g -O2  conftest.c >&5
configure:7904: $? = 0
configure:8096: result: GNU/Linux ld.so
configure:8100: checking how to hardcode library paths into programs
configure:8125: result: immediate
configure:8139: checking whether stripping libraries is possible
configure:8144: result: yes
configure:8974: checking if libtool supports shared libraries
configure:8976: result: yes
configure:8979: checking whether to build shared libraries
configure:9037: result: yes
configure:9040: checking whether to build static libraries
configure:9044: result: yes
configure:9136: creating libtool
configure:9683: checking for ld used by g++
configure:9750: result: /usr/bin/ld -m elf_x86_64
configure:9759: checking if the linker (/usr/bin/ld -m elf_x86_64) is GNU ld
configure:9774: result: yes
configure:9825: checking whether the g++ linker (/usr/bin/ld -m elf_x86_64) supports shared libraries
configure:10653: result: yes
configure:10671: g++ -c -g -O2  conftest.cc >&5
configure:10674: $? = 0
configure:10770: checking for g++ option to produce PIC
configure:11022: result: -fPIC
configure:11030: checking if g++ PIC flag -fPIC works
configure:11048: g++ -c -g -O2  -fPIC -DPIC conftest.cc >&5
configure:11052: $? = 0
configure:11063: result: yes
configure:11087: checking if g++ supports -c -o file.o
configure:11108: g++ -c -g -O2  -o out/conftest2.o conftest.cc >&5
configure:11112: $? = 0
configure:11132: result: yes
configure:11158: checking whether the g++ linker (/usr/bin/ld -m elf_x86_64) supports shared libraries
configure:11183: result: yes
configure:11254: checking dynamic linker characteristics
configure:11620: g++ -c -g -O2  conftest.cc >&5
configure:11623: $? = 0
configure:11815: result: GNU/Linux ld.so
configure:11819: checking how to hardcode library paths into programs
configure:11844: result: immediate
configure:11858: checking whether stripping libraries is possible
configure:11863: result: yes
configure:19322: creating ./config.status

## ---------------------- ##
## Running config.status. ##
## ---------------------- ##

This file was extended by libsgnodemapper config.status 0.1, which was
generated by GNU Autoconf 2.59.  Invocation command line was

  CONFIG_FILES    = 
  CONFIG_HEADERS  = 
  CONFIG_LINKS    = 
  CONFIG_COMMANDS = 
  $ ./config.status 

on lucid64

config.status:710: creating Makefile
config.status:710: creating lib/Makefile
config.status:710: creating util/Makefile
config.status:893: executing depfiles commands

## ---------------- ##
## Cache variables. ##
## ---------------- ##

ac_cv_build=x86_64-unknown-linux-gnu
ac_cv_build_alias=x86_64-unknown-linux-gnu
ac_cv_c_compiler_gnu=yes
ac_cv_cxx_compiler_gnu=yes
ac_cv_env_CC_set=
ac_cv_env_CC_value=
ac_cv_env_CFLAGS_set=
ac_cv_env_CFLAGS_value=
ac_cv_env_CPPFLAGS_set=
ac_cv_env_CPPFLAGS_value=
ac_cv_env_CPP_set=
ac_cv_env_CPP_value=
ac_cv_env_CXXCPP_set=
ac_cv_env_CXXCPP_value=
ac_cv_env_CXXFLAGS_set=
ac_cv_env_CXXFLAGS_value=
ac_cv_env_CXX_set=
ac_cv_env_CXX_value=
ac_cv_env_F77_set=
ac_cv_env_F77_value=
ac_cv_env_FFLAGS_set=
ac_cv_env_FFLAGS_value=
ac_cv_env_LDFLAGS_set=
ac_cv_env_LDFLAGS_value=
ac_cv_env_build_alias_set=
ac_cv_env_build_alias_value=
ac_cv_env_host_alias_set=
ac_cv_env_host_alias_value=
ac_cv_env_target_alias_set=
ac_cv_env_target_alias_value=
ac_cv_exeext=
ac_cv_f77_compiler_gnu=no
ac_cv_header_dlfcn_h=yes
ac_cv_header_inttypes_h=yes
ac_cv_header_memory_h=yes
ac_cv_header_stdc=yes
ac_cv_header_stdint_h=yes
ac_cv_header_stdlib_h=yes
ac_cv_header_string_h=yes
ac_cv_header_strings_h=yes
ac_cv_header_sys_stat_h=yes
ac_cv_header_sys_types_h=yes
ac_cv_header_unistd_h=yes
ac_cv_host=x86_64-unknown-linux-gnu
ac_cv_host_alias=x86_64-unknown-linux-gnu
ac_cv_objext=o
ac_cv_path_install='/usr/bin/install -c'
ac_cv_prog_AWK=mawk
ac_cv_prog_CPP='gcc -E'
ac_cv_prog_CXXCPP='g++ -E'
ac_cv_prog_ac_ct_AR=ar
ac_cv_prog_ac_ct_CC=gcc
ac_cv_prog_ac_ct_CXX=g++
ac_cv_prog_ac_ct_RANLIB=ranlib
ac_cv_prog_ac_ct_STRIP=strip
ac_cv_prog_cc_g=yes
ac_cv_prog_cc_stdc=
ac_cv_prog_cxx_g=yes
ac_cv_prog_egrep='grep -E'
ac_cv_prog_f77_g=no
ac_cv_prog_make_make_set=yes
am_cv_CC_dependencies_compiler_type=gcc3
am_cv_CXX_dependencies_compiler_type=gcc3
lt_cv_deplibs_check_method=pass_all
lt_cv_file_magic_cmd='$MAGIC_CMD'
lt_cv_file_magic_test_file='/lib/libc.so.6 /lib/libc-2.11.1.so'
lt_cv_ld_reload_flag=-r
lt_cv_objdir=.libs
lt_cv_path_LD=/usr/bin/ld
lt_cv_path_LDCXX='/usr/bin/ld -m elf_x86_64'
lt_cv_path_NM='/usr/bin/nm -B'
lt_cv_path_SED=/bin/sed
lt_cv_prog_compiler_c_o=yes
lt_cv_prog_compiler_c_o_CXX=yes
lt_cv_prog_compiler_rtti_exceptions=no
lt_cv_prog_gnu_ld=yes
lt_cv_prog_gnu_ldcxx=yes
lt_cv_sys_global_symbol_pipe='sed -n -e '\''s/^.*[ 	]\([ABCDGIRSTW][ABCDGIRSTW]*\)[ 	][ 	]*\(\)\([_A-Za-z][_A-Za-z0-9]*\)$/\1 \2\3 \3/p'\'''
lt_cv_sys_global_symbol_to_c_name_address='sed -n -e '\''s/^: \([^ ]*\) $/  {\"\1\", (lt_ptr) 0},/p'\'' -e '\''s/^[BCDEGRST] \([^ ]*\) \([^ ]*\)$/  {"\2", (lt_ptr) \&\2},/p'\'''
lt_cv_sys_global_symbol_to_cdecl='sed -n -e '\''s/^. .* \(.*\)$/extern int \1;/p'\'''
lt_cv_sys_max_cmd_len=32768
lt_lt_cv_prog_compiler_c_o='"yes"'
lt_lt_cv_prog_compiler_c_o_CXX='"yes"'
lt_lt_cv_sys_global_symbol_pipe='"sed -n -e '\''s/^.*[ 	]\\([ABCDGIRSTW][ABCDGIRSTW]*\\)[ 	][ 	]*\\(\\)\\([_A-Za-z][_A-Za-z0-9]*\\)\$/\\1 \\2\\3 \\3/p'\''"'
lt_lt_cv_sys_global_symbol_to_c_name_address='"sed -n -e '\''s/^: \\([^ ]*\\) \$/  {\\\"\\1\\\", (lt_ptr) 0},/p'\'' -e '\''s/^[BCDEGRST] \\([^ ]*\\) \\([^ ]*\\)\$/  {\"\\2\", (lt_ptr) \\&\\2},/p'\''"'
lt_lt_cv_sys_global_symbol_to_cdecl='"sed -n -e '\''s/^. .* \\(.*\\)\$/extern int \\1;/p'\''"'

## ----------------- ##
## Output variables. ##
## ----------------- ##

ACLOCAL='${SHELL} /home/vagrant/sgNodeMapper/embedding/cpp/missing --run aclocal-1.9'
AMDEPBACKSLASH='\'
AMDEP_FALSE='#'
AMDEP_TRUE=''
AMTAR='${SHELL} /home/vagrant/sgNodeMapper/embedding/cpp/missing --run tar'
AR='ar'
AUTOCONF='${SHELL} /home/vagrant/sgNodeMapper/embedding/cpp/missing --run autoconf'
AUTOHEADER='${SHELL} /home/vagrant/sgNodeMapper/embedding/cpp/missing --run autoheader'
AUTOMAKE='${SHELL} /home/vagrant/sgNodeMapper/embedding/cpp/missing --run automake-1.9'
AWK='mawk'
CC='gcc'
CCDEPMODE='depmode=gcc3'
CFLAGS='-g -O2'
CPP='gcc -E'
CPPFLAGS=''
CXX='g++'
CXXCPP='g++ -E'
CXXDEPMODE='depmode=gcc3'
CXXFLAGS='-g -O2'
CYGPATH_W='echo'
DEFS='-DPACKAGE_NAME=\"libsgnodemapper\" -DPACKAGE_TARNAME=\"libsgnodemapper\" -DPACKAGE_VERSION=\"0.1\" -DPACKAGE_STRING=\"libsgnodemapper\ 0.1\" -DPACKAGE_BUGREPORT=\"joseph@plaxo.com\" -DPACKAGE=\"libsgnodemapper\" -DVERSION=\"0.1\" -DSTDC_HEADERS=1 -DHAVE_SYS_TYPES_H=1 -DHAVE_SYS_STAT_H=1 -DHAVE_STDLIB_H=1 -DHAVE_STRING_H=1 -DHAVE_MEMORY_H=1 -DHAVE_STRINGS_H=1 -DHAVE_INTTYPES_H=1 -DHAVE_STDINT_H=1 -DHAVE_UNISTD_H=1 -DHAVE_DLFCN_H=1 '
DEPDIR='.deps'
ECHO='echo'
ECHO_C=''
ECHO_N='-n'
ECHO_T=''
EGREP='grep -E'
EXEEXT=''
F77=''
FFLAGS=''
INSTALL_DATA='${INSTALL} -m 644'
INSTALL_PROGRAM='${INSTALL}'
INSTALL_SCRIPT='${INSTALL}'
INSTALL_STRIP_PROGRAM='${SHELL} $(install_sh) -c -s'
LDFLAGS=''
LIBOBJS=''
LIBS=''
LIBTOOL='$(SHELL) $(top_builddir)/libtool'
LN_S='ln -s'
LTLIBOBJS=''
MAKEINFO='${SHELL} /home/vagrant/sgNodeMapper/embedding/cpp/missing --run makeinfo'
OBJEXT='o'
PACKAGE='libsgnodemapper'
PACKAGE_BUGREPORT='joseph@plaxo.com'
PACKAGE_NAME='libsgnodemapper'
PACKAGE_STRING='libsgnodemapper 0.1'
PACKAGE_TARNAME='libsgnodemapper'
PACKAGE_VERSION='0.1'
PATH_SEPARATOR=':'
RANLIB='ranlib'
SET_MAKE=''
SHELL='/bin/bash'
SM_OBJ_DIR='/home/vagrant/js/src/Linux_All_DBG.OBJ'
SM_SRC_DIR='/home/vagrant/js/src'
STRIP='strip'
VERSION='0.1'
ac_ct_AR='ar'
ac_ct_CC='gcc'
ac_ct_CXX='g++'
ac_ct_F77=''
ac_ct_RANLIB='ranlib'
ac_ct_STRIP='strip'
am__fastdepCC_FALSE='#'
am__fastdepCC_TRUE=''
am__fastdepCXX_FALSE='#'
am__fastdepCXX_TRUE=''
am__include='include'
am__leading_dot='.'
am__quote=''
am__tar='${AMTAR} chof - "$$tardir"'
am__untar='${AMTAR} xf -'
bindir='${exec_prefix}/bin'
build='x86_64-unknown-linux-gnu'
build_alias=''
build_cpu='x86_64'
build_os='linux-gnu'
build_vendor='unknown'
datadir='${prefix}/share'
exec_prefix='${prefix}'
host='x86_64-unknown-linux-gnu'
host_alias=''
host_cpu='x86_64'
host_os='linux-gnu'
host_vendor='unknown'
includedir='${prefix}/include'
infodir='${prefix}/info'
install_sh='/home/vagrant/sgNodeMapper/embedding/cpp/install-sh'
libdir='${exec_prefix}/lib'
libexecdir='${exec_prefix}/libexec'
localstatedir='${prefix}/var'
mandir='${prefix}/man'
mkdir_p='mkdir -p --'
oldincludedir='/usr/include'
prefix='/usr/local'
program_transform_name='s,x,x,'
sbindir='${exec_prefix}/sbin'
sharedstatedir='${prefix}/com'
sysconfdir='${prefix}/etc'
target_alias=''

## ----------- ##
## confdefs.h. ##
## ----------- ##

#define HAVE_DLFCN_H 1
#define HAVE_INTTYPES_H 1
#define HAVE_MEMORY_H 1
#define HAVE_STDINT_H 1
#define HAVE_STDLIB_H 1
#define HAVE_STRINGS_H 1
#define HAVE_STRING_H 1
#define HAVE_SYS_STAT_H 1
#define HAVE_SYS_TYPES_H 1
#define HAVE_UNISTD_H 1
#define PACKAGE "libsgnodemapper"
#define PACKAGE_BUGREPORT "joseph@plaxo.com"
#define PACKAGE_NAME "libsgnodemapper"
#define PACKAGE_STRING "libsgnodemapper 0.1"
#define PACKAGE_TARNAME "libsgnodemapper"
#define PACKAGE_VERSION "0.1"
#define STDC_HEADERS 1
#define VERSION "0.1"
#endif
#ifdef __cplusplus
extern "C" void exit (int) throw ();

configure: exit 0
