This file contains any messages produced by compilers while
running configure, to aid debugging if configure makes a mistake.

It was created by configure, which was
generated by GNU Autoconf 2.65.  Invocation command line was

  $ ./configure --with-sm-obj=/home/vagrant/js/src/Linux_All_DBG.OBJ

## --------- ##
## Platform. ##
## --------- ##

hostname = lucid64
uname -m = x86_64
uname -r = 2.6.32-33-server
uname -s = Linux
uname -v = #70-Ubuntu SMP Thu Jul 7 22:28:30 UTC 2011

/usr/bin/uname -p = unknown
/bin/uname -X     = unknown

/bin/arch              = unknown
/usr/bin/arch -k       = unknown
/usr/convex/getsysinfo = unknown
/usr/bin/hostinfo      = unknown
/bin/machine           = unknown
/usr/bin/oslevel       = unknown
/bin/universe          = unknown

PATH: /usr/local/sbin
PATH: /usr/local/bin
PATH: /usr/sbin
PATH: /usr/bin
PATH: /sbin
PATH: /bin
PATH: /usr/games
PATH: /opt/ruby/bin/


## ----------- ##
## Core tests. ##
## ----------- ##

configure:2317: checking for grep that handles long lines and -e
configure:2375: result: /bin/grep
configure:2380: checking for egrep
configure:2442: result: /bin/grep -E
configure:2447: checking for a sed that does not truncate output
configure:2511: result: /bin/sed
configure:2645: checking for cc
configure:2661: found /usr/bin/cc
configure:2672: result: cc
configure:2703: checking for C compiler version
configure:2712: cc --version >&5
cc (Ubuntu 4.4.3-4ubuntu5.1) 4.4.3
Copyright (C) 2009 Free Software Foundation, Inc.
This is free software; see the source for copying conditions.  There is NO
warranty; not even for MERCHANTABILITY or FITNESS FOR A PARTICULAR PURPOSE.

configure:2723: $? = 0
configure:2712: cc -v >&5
Using built-in specs.
Target: x86_64-linux-gnu
Configured with: ../src/configure -v --with-pkgversion='Ubuntu 4.4.3-4ubuntu5.1' --with-bugurl=file:///usr/share/doc/gcc-4.4/README.Bugs --enable-languages=c,c++,fortran,objc,obj-c++ --prefix=/usr --enable-shared --enable-multiarch --enable-linker-build-id --with-system-zlib --libexecdir=/usr/lib --without-included-gettext --enable-threads=posix --with-gxx-include-dir=/usr/include/c++/4.4 --program-suffix=-4.4 --enable-nls --enable-clocale=gnu --enable-libstdcxx-debug --enable-plugin --enable-objc-gc --disable-werror --with-arch-32=i486 --with-tune=generic --enable-checking=release --build=x86_64-linux-gnu --host=x86_64-linux-gnu --target=x86_64-linux-gnu
Thread model: posix
gcc version 4.4.3 (Ubuntu 4.4.3-4ubuntu5.1) 
configure:2723: $? = 0
configure:2712: cc -V >&5
cc: '-V' option must have argument
configure:2723: $? = 1
configure:2712: cc -qversion >&5
cc: unrecognized option '-qversion'
cc: no input files
configure:2723: $? = 1
configure:2743: checking whether the C compiler works
configure:2765: cc    conftest.c  >&5
configure:2769: $? = 0
configure:2818: result: yes
configure:2821: checking for C compiler default output file name
configure:2823: result: a.out
configure:2829: checking for suffix of executables
configure:2836: cc -o conftest    conftest.c  >&5
configure:2840: $? = 0
configure:2862: result: 
configure:2884: checking whether we are cross compiling
configure:2892: cc -o conftest    conftest.c  >&5
configure:2896: $? = 0
configure:2903: ./conftest
configure:2907: $? = 0
configure:2922: result: no
configure:2927: checking for suffix of object files
configure:2949: cc -c   conftest.c >&5
configure:2953: $? = 0
configure:2974: result: o
configure:2978: checking whether we are using the GNU C compiler
configure:2997: cc -c   conftest.c >&5
configure:2997: $? = 0
configure:3006: result: yes
configure:3015: checking whether cc accepts -g
configure:3035: cc -c -g  conftest.c >&5
configure:3035: $? = 0
configure:3076: result: yes
configure:3093: checking for cc option to accept ISO C89
configure:3157: cc  -c -g -O2  conftest.c >&5
configure:3157: $? = 0
configure:3170: result: none needed
configure:3196: checking how to run the C preprocessor
configure:3227: cc -E  conftest.c
configure:3227: $? = 0
configure:3241: cc -E  conftest.c
conftest.c:9:28: error: ac_nonexistent.h: No such file or directory
configure:3241: $? = 1
configure: failed program was:
| /* confdefs.h */
| #define PACKAGE_NAME ""
| #define PACKAGE_TARNAME ""
| #define PACKAGE_VERSION ""
| #define PACKAGE_STRING ""
| #define PACKAGE_BUGREPORT ""
| #define PACKAGE_URL ""
| /* end confdefs.h.  */
| #include <ac_nonexistent.h>
configure:3266: result: cc -E
configure:3286: cc -E  conftest.c
configure:3286: $? = 0
configure:3300: cc -E  conftest.c
conftest.c:9:28: error: ac_nonexistent.h: No such file or directory
configure:3300: $? = 1
configure: failed program was:
| /* confdefs.h */
| #define PACKAGE_NAME ""
| #define PACKAGE_TARNAME ""
| #define PACKAGE_VERSION ""
| #define PACKAGE_STRING ""
| #define PACKAGE_BUGREPORT ""
| #define PACKAGE_URL ""
| /* end confdefs.h.  */
| #include <ac_nonexistent.h>
configure:3331: checking for icc
configure:3340: result: no
configure:3354: checking for suncc
configure:3363: result: no
configure:3381: checking whether cc understands -c and -o together
configure:3409: cc -c conftest.c -o conftest2.o >&5
configure:3413: $? = 0
configure:3419: cc -c conftest.c -o conftest2.o >&5
configure:3423: $? = 0
configure:3478: result: yes
configure:3492: checking for system library directory
configure:3510: result: lib
configure:3517: checking if compiler supports -R
configure:3536: cc -o conftest -g -O2   conftest.c -R /usr/lib  >&5
cc: unrecognized option '-R'
/usr/bin/ld: /usr/lib: No such file: File format not recognized
collect2: ld returned 1 exit status
configure:3536: $? = 1
configure: failed program was:
| /* confdefs.h */
| #define PACKAGE_NAME ""
| #define PACKAGE_TARNAME ""
| #define PACKAGE_VERSION ""
| #define PACKAGE_STRING ""
| #define PACKAGE_BUGREPORT ""
| #define PACKAGE_URL ""
| /* end confdefs.h.  */
| 
| int
| main ()
| {
| 
|   ;
|   return 0;
| }
configure:3546: result: no
configure:3551: checking if compiler supports -Wl,-rpath,
configure:3570: cc -o conftest -g -O2   conftest.c -Wl,-rpath,/usr/lib  >&5
configure:3570: $? = 0
configure:3580: result: yes
configure:3619: checking build system type
configure:3633: result: x86_64-unknown-linux-gnu
configure:3653: checking host system type
configure:3666: result: x86_64-unknown-linux-gnu
configure:3686: checking target system type
configure:3699: result: x86_64-unknown-linux-gnu
configure:3805: checking for PHP prefix
configure:3807: result: /usr
configure:3809: checking for PHP includes
configure:3811: result: -I/usr/include/php5 -I/usr/include/php5/main -I/usr/include/php5/TSRM -I/usr/include/php5/Zend -I/usr/include/php5/ext -I/usr/include/php5/ext/date/lib
configure:3813: checking for PHP extension directory
configure:3815: result: /usr/lib/php5/20090626
configure:3817: checking for PHP installed headers prefix
configure:3819: result: /usr/include/php5
configure:3822: checking if debug is enabled
configure:3848: result: no
configure:3851: checking if zts is enabled
configure:3877: result: no
configure:3951: checking for re2c
configure:3981: result: no
configure:4006: WARNING: You will need re2c 0.13.4 or later if you want to regenerate PHP parsers.
configure:4020: checking for gawk
configure:4051: result: no
configure:4020: checking for nawk
configure:4037: found /usr/bin/nawk
configure:4048: result: nawk
configure:4071: checking if nawk is broken
configure:4078: result: no
configure:4091: checking whether to enable social graph node mapper support
configure:4133: result: yes, shared
configure:4509: checking for g++
configure:4525: found /usr/bin/g++
configure:4536: result: g++
configure:4563: checking for C++ compiler version
configure:4572: g++ --version >&5
g++ (Ubuntu 4.4.3-4ubuntu5.1) 4.4.3
Copyright (C) 2009 Free Software Foundation, Inc.
This is free software; see the source for copying conditions.  There is NO
warranty; not even for MERCHANTABILITY or FITNESS FOR A PARTICULAR PURPOSE.

configure:4583: $? = 0
configure:4572: g++ -v >&5
Using built-in specs.
Target: x86_64-linux-gnu
Configured with: ../src/configure -v --with-pkgversion='Ubuntu 4.4.3-4ubuntu5.1' --with-bugurl=file:///usr/share/doc/gcc-4.4/README.Bugs --enable-languages=c,c++,fortran,objc,obj-c++ --prefix=/usr --enable-shared --enable-multiarch --enable-linker-build-id --with-system-zlib --libexecdir=/usr/lib --without-included-gettext --enable-threads=posix --with-gxx-include-dir=/usr/include/c++/4.4 --program-suffix=-4.4 --enable-nls --enable-clocale=gnu --enable-libstdcxx-debug --enable-plugin --enable-objc-gc --disable-werror --with-arch-32=i486 --with-tune=generic --enable-checking=release --build=x86_64-linux-gnu --host=x86_64-linux-gnu --target=x86_64-linux-gnu
Thread model: posix
gcc version 4.4.3 (Ubuntu 4.4.3-4ubuntu5.1) 
configure:4583: $? = 0
configure:4572: g++ -V >&5
g++: '-V' option must have argument
configure:4583: $? = 1
configure:4572: g++ -qversion >&5
g++: unrecognized option '-qversion'
g++: no input files
configure:4583: $? = 1
configure:4587: checking whether we are using the GNU C++ compiler
configure:4606: g++ -c   conftest.cpp >&5
configure:4606: $? = 0
configure:4615: result: yes
configure:4624: checking whether g++ accepts -g
configure:4644: g++ -c -g  conftest.cpp >&5
configure:4644: $? = 0
configure:4685: result: yes
configure:4713: checking how to run the C++ preprocessor
configure:4740: g++ -E  conftest.cpp
configure:4740: $? = 0
configure:4754: g++ -E  conftest.cpp
conftest.cpp:11:28: error: ac_nonexistent.h: No such file or directory
configure:4754: $? = 1
configure: failed program was:
| /* confdefs.h */
| #define PACKAGE_NAME ""
| #define PACKAGE_TARNAME ""
| #define PACKAGE_VERSION ""
| #define PACKAGE_STRING ""
| #define PACKAGE_BUGREPORT ""
| #define PACKAGE_URL ""
| #define HAVE_SGNODEMAPPER 1
| #define COMPILE_DL_SGNODEMAPPER 1
| /* end confdefs.h.  */
| #include <ac_nonexistent.h>
configure:4779: result: g++ -E
configure:4799: g++ -E  conftest.cpp
configure:4799: $? = 0
configure:4813: g++ -E  conftest.cpp
conftest.cpp:11:28: error: ac_nonexistent.h: No such file or directory
configure:4813: $? = 1
configure: failed program was:
| /* confdefs.h */
| #define PACKAGE_NAME ""
| #define PACKAGE_TARNAME ""
| #define PACKAGE_VERSION ""
| #define PACKAGE_STRING ""
| #define PACKAGE_BUGREPORT ""
| #define PACKAGE_URL ""
| #define HAVE_SGNODEMAPPER 1
| #define COMPILE_DL_SGNODEMAPPER 1
| /* end confdefs.h.  */
| #include <ac_nonexistent.h>
configure:4983: checking for a sed that does not truncate output
configure:5047: result: /bin/sed
configure:5065: checking for fgrep
configure:5127: result: /bin/grep -F
configure:5162: checking for ld used by cc
configure:5229: result: /usr/bin/ld
configure:5236: checking if the linker (/usr/bin/ld) is GNU ld
configure:5251: result: yes
configure:5263: checking for BSD- or MS-compatible name lister (nm)
configure:5312: result: /usr/bin/nm -B
configure:5430: checking the name lister (/usr/bin/nm -B) interface
configure:5437: cc -c -g -O2  conftest.c >&5
configure:5440: /usr/bin/nm -B "conftest.o"
configure:5443: output
0000000000000000 B some_variable
configure:5450: result: BSD nm
configure:5453: checking whether ln -s works
configure:5457: result: yes
configure:5465: checking the maximum length of command line arguments
configure:5585: result: 1572864
configure:5602: checking whether the shell understands some XSI constructs
configure:5612: result: yes
configure:5616: checking whether the shell understands "+="
configure:5622: result: yes
configure:5657: checking for /usr/bin/ld option to reload object files
configure:5664: result: -r
configure:5733: checking for objdump
configure:5749: found /usr/bin/objdump
configure:5760: result: objdump
configure:5792: checking how to recognize dependent libraries
configure:5988: result: pass_all
configure:6048: checking for ar
configure:6064: found /usr/bin/ar
configure:6075: result: ar
configure:6153: checking for strip
configure:6169: found /usr/bin/strip
configure:6180: result: strip
configure:6252: checking for ranlib
configure:6268: found /usr/bin/ranlib
configure:6279: result: ranlib
configure:6369: checking command to parse /usr/bin/nm -B output from cc object
configure:6487: cc -c -g -O2  conftest.c >&5
configure:6490: $? = 0
configure:6494: /usr/bin/nm -B conftest.o \| sed -n -e 's/^.*[	 ]\([ABCDGIRSTW][ABCDGIRSTW]*\)[	 ][	 ]*\([_A-Za-z][_A-Za-z0-9]*\)$/\1 \2 \2/p' \> conftest.nm
configure:6497: $? = 0
configure:6551: cc -o conftest -g -O2   conftest.c conftstm.o >&5
configure:6554: $? = 0
configure:6592: result: ok
configure:6687: cc -c -g -O2  conftest.c >&5
configure:6690: $? = 0
configure:7395: checking for ANSI C header files
configure:7415: cc -c -g -O2  conftest.c >&5
configure:7415: $? = 0
configure:7488: cc -o conftest -g -O2   conftest.c  >&5
configure:7488: $? = 0
configure:7488: ./conftest
configure:7488: $? = 0
configure:7499: result: yes
configure:7512: checking for sys/types.h
configure:7512: cc -c -g -O2  conftest.c >&5
configure:7512: $? = 0
configure:7512: result: yes
configure:7512: checking for sys/stat.h
configure:7512: cc -c -g -O2  conftest.c >&5
configure:7512: $? = 0
configure:7512: result: yes
configure:7512: checking for stdlib.h
configure:7512: cc -c -g -O2  conftest.c >&5
configure:7512: $? = 0
configure:7512: result: yes
configure:7512: checking for string.h
configure:7512: cc -c -g -O2  conftest.c >&5
configure:7512: $? = 0
configure:7512: result: yes
configure:7512: checking for memory.h
configure:7512: cc -c -g -O2  conftest.c >&5
configure:7512: $? = 0
configure:7512: result: yes
configure:7512: checking for strings.h
configure:7512: cc -c -g -O2  conftest.c >&5
configure:7512: $? = 0
configure:7512: result: yes
configure:7512: checking for inttypes.h
configure:7512: cc -c -g -O2  conftest.c >&5
configure:7512: $? = 0
configure:7512: result: yes
configure:7512: checking for stdint.h
configure:7512: cc -c -g -O2  conftest.c >&5
configure:7512: $? = 0
configure:7512: result: yes
configure:7512: checking for unistd.h
configure:7512: cc -c -g -O2  conftest.c >&5
configure:7512: $? = 0
configure:7512: result: yes
configure:7527: checking for dlfcn.h
configure:7527: cc -c -g -O2  conftest.c >&5
configure:7527: $? = 0
configure:7527: result: yes
configure:7652: checking for C++ compiler version
configure:7661: g++ --version >&5
g++ (Ubuntu 4.4.3-4ubuntu5.1) 4.4.3
Copyright (C) 2009 Free Software Foundation, Inc.
This is free software; see the source for copying conditions.  There is NO
warranty; not even for MERCHANTABILITY or FITNESS FOR A PARTICULAR PURPOSE.

configure:7672: $? = 0
configure:7661: g++ -v >&5
Using built-in specs.
Target: x86_64-linux-gnu
Configured with: ../src/configure -v --with-pkgversion='Ubuntu 4.4.3-4ubuntu5.1' --with-bugurl=file:///usr/share/doc/gcc-4.4/README.Bugs --enable-languages=c,c++,fortran,objc,obj-c++ --prefix=/usr --enable-shared --enable-multiarch --enable-linker-build-id --with-system-zlib --libexecdir=/usr/lib --without-included-gettext --enable-threads=posix --with-gxx-include-dir=/usr/include/c++/4.4 --program-suffix=-4.4 --enable-nls --enable-clocale=gnu --enable-libstdcxx-debug --enable-plugin --enable-objc-gc --disable-werror --with-arch-32=i486 --with-tune=generic --enable-checking=release --build=x86_64-linux-gnu --host=x86_64-linux-gnu --target=x86_64-linux-gnu
Thread model: posix
gcc version 4.4.3 (Ubuntu 4.4.3-4ubuntu5.1) 
configure:7672: $? = 0
configure:7661: g++ -V >&5
g++: '-V' option must have argument
configure:7672: $? = 1
configure:7661: g++ -qversion >&5
g++: unrecognized option '-qversion'
g++: no input files
configure:7672: $? = 1
configure:7676: checking whether we are using the GNU C++ compiler
configure:7704: result: yes
configure:7713: checking whether g++ accepts -g
configure:7774: result: yes
configure:7805: checking how to run the C++ preprocessor
configure:7871: result: g++ -E
configure:7891: g++ -E  conftest.cpp
configure:7891: $? = 0
configure:7905: g++ -E  conftest.cpp
conftest.cpp:22:28: error: ac_nonexistent.h: No such file or directory
configure:7905: $? = 1
configure: failed program was:
| /* confdefs.h */
| #define PACKAGE_NAME ""
| #define PACKAGE_TARNAME ""
| #define PACKAGE_VERSION ""
| #define PACKAGE_STRING ""
| #define PACKAGE_BUGREPORT ""
| #define PACKAGE_URL ""
| #define HAVE_SGNODEMAPPER 1
| #define COMPILE_DL_SGNODEMAPPER 1
| #define STDC_HEADERS 1
| #define HAVE_SYS_TYPES_H 1
| #define HAVE_SYS_STAT_H 1
| #define HAVE_STDLIB_H 1
| #define HAVE_STRING_H 1
| #define HAVE_MEMORY_H 1
| #define HAVE_STRINGS_H 1
| #define HAVE_INTTYPES_H 1
| #define HAVE_STDINT_H 1
| #define HAVE_UNISTD_H 1
| #define HAVE_DLFCN_H 1
| /* end confdefs.h.  */
| #include <ac_nonexistent.h>
configure:8111: checking for objdir
configure:8126: result: .libs
configure:8422: checking if cc supports -fno-rtti -fno-exceptions
configure:8440: cc -c -g -O2  -fno-rtti -fno-exceptions conftest.c >&5
cc1: warning: command line option "-fno-rtti" is valid for C++/ObjC++ but not for C
configure:8444: $? = 0
configure:8457: result: no
configure:8477: checking for cc option to produce PIC
configure:8749: result: -fPIC -DPIC
configure:8761: checking if cc PIC flag -fPIC -DPIC works
configure:8779: cc -c -g -O2  -fPIC -DPIC -DPIC conftest.c >&5
configure:8783: $? = 0
configure:8796: result: yes
configure:8820: checking if cc static flag -static works
configure:8848: result: yes
configure:8863: checking if cc supports -c -o file.o
configure:8884: cc -c -g -O2  -o out/conftest2.o conftest.c >&5
configure:8888: $? = 0
configure:8910: result: yes
configure:8918: checking if cc supports -c -o file.o
configure:8965: result: yes
configure:8998: checking whether the cc linker (/usr/bin/ld -m elf_x86_64) supports shared libraries
configure:9989: result: yes
configure:10026: checking whether -lc should be explicitly linked in
configure:10031: cc -c -g -O2  conftest.c >&5
configure:10034: $? = 0
configure:10049: cc -shared conftest.o  -v -Wl,-soname -Wl,conftest -o conftest 2\>\&1 \| /bin/grep  -lc  \>/dev/null 2\>\&1
configure:10052: $? = 0
configure:10064: result: no
configure:10228: checking dynamic linker characteristics
configure:10661: cc -o conftest -g -O2   -Wl,-rpath -Wl,/foo conftest.c  >&5
configure:10661: $? = 0
configure:10891: result: GNU/Linux ld.so
configure:10993: checking how to hardcode library paths into programs
configure:11018: result: immediate
configure:11538: checking whether stripping libraries is possible
configure:11543: result: yes
configure:11578: checking if libtool supports shared libraries
configure:11580: result: yes
configure:11583: checking whether to build shared libraries
configure:11604: result: yes
configure:11607: checking whether to build static libraries
configure:11611: result: no
configure:11761: checking for ld used by g++
configure:11828: result: /usr/bin/ld -m elf_x86_64
configure:11835: checking if the linker (/usr/bin/ld -m elf_x86_64) is GNU ld
configure:11850: result: yes
configure:11905: checking whether the g++ linker (/usr/bin/ld -m elf_x86_64) supports shared libraries
configure:12818: result: yes
configure:12846: g++ -c -g -O2  conftest.cpp >&5
configure:12849: $? = 0
configure:13031: checking for g++ option to produce PIC
configure:13348: result: -fPIC -DPIC
configure:13357: checking if g++ PIC flag -fPIC -DPIC works
configure:13375: g++ -c -g -O2  -fPIC -DPIC -DPIC conftest.cpp >&5
configure:13379: $? = 0
configure:13392: result: yes
configure:13413: checking if g++ static flag -static works
configure:13441: result: yes
configure:13453: checking if g++ supports -c -o file.o
configure:13474: g++ -c -g -O2  -o out/conftest2.o conftest.cpp >&5
configure:13478: $? = 0
configure:13500: result: yes
configure:13505: checking if g++ supports -c -o file.o
configure:13552: result: yes
configure:13582: checking whether the g++ linker (/usr/bin/ld -m elf_x86_64) supports shared libraries
configure:13611: result: yes
configure:13748: checking dynamic linker characteristics
configure:14129: g++ -o conftest -g -O2   -Wl,-rpath -Wl,/foo conftest.cpp  >&5
configure:14129: $? = 0
configure:14359: result: GNU/Linux ld.so
configure:14410: checking how to hardcode library paths into programs
configure:14435: result: immediate
configure:14720: creating ./config.status

## ---------------------- ##
## Running config.status. ##
## ---------------------- ##

This file was extended by config.status, which was
generated by GNU Autoconf 2.65.  Invocation command line was

  CONFIG_FILES    = 
  CONFIG_HEADERS  = 
  CONFIG_LINKS    = 
  CONFIG_COMMANDS = 
  $ ./config.status 

on lucid64

config.status:931: creating config.h
config.status:1035: executing libtool commands

## ---------------- ##
## Cache variables. ##
## ---------------- ##

ac_cv_build=x86_64-unknown-linux-gnu
ac_cv_c_compiler_gnu=yes
ac_cv_cxx_compiler_gnu=yes
ac_cv_env_CCC_set=
ac_cv_env_CCC_value=
ac_cv_env_CC_set=
ac_cv_env_CC_value=
ac_cv_env_CFLAGS_set=
ac_cv_env_CFLAGS_value=
ac_cv_env_CPPFLAGS_set=
ac_cv_env_CPPFLAGS_value=
ac_cv_env_CPP_set=
ac_cv_env_CPP_value=
ac_cv_env_CXXCPP_set=
ac_cv_env_CXXCPP_value=
ac_cv_env_CXXFLAGS_set=
ac_cv_env_CXXFLAGS_value=
ac_cv_env_CXX_set=
ac_cv_env_CXX_value=
ac_cv_env_LDFLAGS_set=
ac_cv_env_LDFLAGS_value=
ac_cv_env_LIBS_set=
ac_cv_env_LIBS_value=
ac_cv_env_build_alias_set=
ac_cv_env_build_alias_value=
ac_cv_env_host_alias_set=
ac_cv_env_host_alias_value=
ac_cv_env_target_alias_set=
ac_cv_env_target_alias_value=
ac_cv_header_dlfcn_h=yes
ac_cv_header_inttypes_h=yes
ac_cv_header_memory_h=yes
ac_cv_header_stdc=yes
ac_cv_header_stdint_h=yes
ac_cv_header_stdlib_h=yes
ac_cv_header_string_h=yes
ac_cv_header_strings_h=yes
ac_cv_header_sys_stat_h=yes
ac_cv_header_sys_types_h=yes
ac_cv_header_unistd_h=yes
ac_cv_host=x86_64-unknown-linux-gnu
ac_cv_objext=o
ac_cv_path_EGREP='/bin/grep -E'
ac_cv_path_FGREP='/bin/grep -F'
ac_cv_path_GREP=/bin/grep
ac_cv_path_SED=/bin/sed
ac_cv_prog_AWK=nawk
ac_cv_prog_CPP='cc -E'
ac_cv_prog_CXXCPP='g++ -E'
ac_cv_prog_ac_ct_AR=ar
ac_cv_prog_ac_ct_CC=cc
ac_cv_prog_ac_ct_CXX=g++
ac_cv_prog_ac_ct_OBJDUMP=objdump
ac_cv_prog_ac_ct_RANLIB=ranlib
ac_cv_prog_ac_ct_STRIP=strip
ac_cv_prog_cc_c89=
ac_cv_prog_cc_cc_c_o=yes
ac_cv_prog_cc_g=yes
ac_cv_prog_cxx_g=yes
ac_cv_target=x86_64-unknown-linux-gnu
lt_cv_deplibs_check_method=pass_all
lt_cv_file_magic_cmd='$MAGIC_CMD'
lt_cv_file_magic_test_file=
lt_cv_ld_reload_flag=-r
lt_cv_nm_interface='BSD nm'
lt_cv_objdir=.libs
lt_cv_path_LD=/usr/bin/ld
lt_cv_path_LDCXX='/usr/bin/ld -m elf_x86_64'
lt_cv_path_NM='/usr/bin/nm -B'
lt_cv_prog_compiler_c_o=yes
lt_cv_prog_compiler_c_o_CXX=yes
lt_cv_prog_compiler_pic_works=yes
lt_cv_prog_compiler_pic_works_CXX=yes
lt_cv_prog_compiler_rtti_exceptions=no
lt_cv_prog_compiler_static_works=yes
lt_cv_prog_compiler_static_works_CXX=yes
lt_cv_prog_gnu_ld=yes
lt_cv_prog_gnu_ldcxx=yes
lt_cv_sys_global_symbol_pipe='sed -n -e '\''s/^.*[	 ]\([ABCDGIRSTW][ABCDGIRSTW]*\)[	 ][	 ]*\([_A-Za-z][_A-Za-z0-9]*\)$/\1 \2 \2/p'\'''
lt_cv_sys_global_symbol_to_c_name_address='sed -n -e '\''s/^: \([^ ]*\) $/  {\"\1\", (void *) 0},/p'\'' -e '\''s/^[ABCDGIRSTW]* \([^ ]*\) \([^ ]*\)$/  {"\2", (void *) \&\2},/p'\'''
lt_cv_sys_global_symbol_to_c_name_address_lib_prefix='sed -n -e '\''s/^: \([^ ]*\) $/  {\"\1\", (void *) 0},/p'\'' -e '\''s/^[ABCDGIRSTW]* \([^ ]*\) \(lib[^ ]*\)$/  {"\2", (void *) \&\2},/p'\'' -e '\''s/^[ABCDGIRSTW]* \([^ ]*\) \([^ ]*\)$/  {"lib\2", (void *) \&\2},/p'\'''
lt_cv_sys_global_symbol_to_cdecl='sed -n -e '\''s/^T .* \(.*\)$/extern int \1();/p'\'' -e '\''s/^[ABCDGIRSTW]* .* \(.*\)$/extern char \1;/p'\'''
lt_cv_sys_max_cmd_len=1572864
php_cv_cc_dashr=no
php_cv_cc_rpath=yes

## ----------------- ##
## Output variables. ##
## ----------------- ##

AR='ar'
AWK='nawk'
CC='cc'
CFLAGS='-g -O2'
CONFIGURE_COMMAND=' '\''./configure'\''  '\''--with-sm-obj=/home/vagrant/js/src/Linux_All_DBG.OBJ'\'''
CONFIGURE_OPTIONS=' '\''--with-sm-obj=/home/vagrant/js/src/Linux_All_DBG.OBJ'\'''
CPP='cc -E'
CPPFLAGS=' -DHAVE_CONFIG_H'
CXX='g++'
CXXCPP='g++ -E'
CXXFLAGS='-g -O2'
DEFS='-DHAVE_CONFIG_H'
DSYMUTIL=''
DUMPBIN=''
ECHO_C=''
ECHO_N='-n'
ECHO_T=''
EGREP='/bin/grep -E'
EXEEXT=''
FGREP='/bin/grep -F'
GREP='/bin/grep'
LD='/usr/bin/ld -m elf_x86_64'
LDFLAGS=''
LIBOBJS=''
LIBS=''
LIBTOOL='$(SHELL) $(top_builddir)/libtool'
LIPO=''
LN_S='ln -s'
LTLIBOBJS=''
NM='/usr/bin/nm -B'
NMEDIT=''
OBJDUMP='objdump'
OBJEXT='o'
OTOOL64=''
OTOOL=''
PACKAGE_BUGREPORT=''
PACKAGE_NAME=''
PACKAGE_STRING=''
PACKAGE_TARNAME=''
PACKAGE_URL=''
PACKAGE_VERSION=''
PATH_SEPARATOR=':'
RANLIB='ranlib'
RE2C='exit 0;'
SED='/bin/sed'
SHELL='/bin/bash'
SHLIB_DL_SUFFIX_NAME='so'
SHLIB_SUFFIX_NAME='so'
STRIP='strip'
ac_ct_CC='cc'
ac_ct_CXX='g++'
ac_ct_DUMPBIN=''
bindir='${exec_prefix}/bin'
build='x86_64-unknown-linux-gnu'
build_alias=''
build_cpu='x86_64'
build_os='linux-gnu'
build_vendor='unknown'
datadir='${datarootdir}'
datarootdir='${prefix}/share'
docdir='${datarootdir}/doc/${PACKAGE}'
dvidir='${docdir}'
exec_prefix='$(prefix)'
host='x86_64-unknown-linux-gnu'
host_alias='x86_64-unknown-linux-gnu'
host_cpu='x86_64'
host_os='linux-gnu'
host_vendor='unknown'
htmldir='${docdir}'
includedir='${prefix}/include'
infodir='${datarootdir}/info'
libdir='${exec_prefix}/lib'
libexecdir='${exec_prefix}/libexec'
localedir='${datarootdir}/locale'
localstatedir='${prefix}/var'
lt_ECHO='echo'
mandir='${datarootdir}/man'
oldincludedir='/usr/include'
pdfdir='${docdir}'
prefix='/usr'
program_transform_name='s,x,x,'
psdir='${docdir}'
sbindir='${exec_prefix}/sbin'
sharedstatedir='${prefix}/com'
sysconfdir='${prefix}/etc'
target='x86_64-unknown-linux-gnu'
target_alias=''
target_cpu='x86_64'
target_os='linux-gnu'
target_vendor='unknown'

## ----------- ##
## confdefs.h. ##
## ----------- ##

/* confdefs.h */
#define PACKAGE_NAME ""
#define PACKAGE_TARNAME ""
#define PACKAGE_VERSION ""
#define PACKAGE_STRING ""
#define PACKAGE_BUGREPORT ""
#define PACKAGE_URL ""
#define HAVE_SGNODEMAPPER 1
#define COMPILE_DL_SGNODEMAPPER 1
#define STDC_HEADERS 1
#define HAVE_SYS_TYPES_H 1
#define HAVE_SYS_STAT_H 1
#define HAVE_STDLIB_H 1
#define HAVE_STRING_H 1
#define HAVE_MEMORY_H 1
#define HAVE_STRINGS_H 1
#define HAVE_INTTYPES_H 1
#define HAVE_STDINT_H 1
#define HAVE_UNISTD_H 1
#define HAVE_DLFCN_H 1
#define LT_OBJDIR ".libs/"

configure: exit 0
